<?xml version="1.0" encoding="UTF-8"?>
<!-- Generated by org.testng.reporters.JUnitReportReporter -->
<testsuite hostname="RavitejaReddy" failures="0" tests="1" name="Webb.Edit" time="3.880" errors="0" timestamp="2021-07-31T00:17:08 IST" skipped="0">
  <testcase classname="Webb.Edit" name="script1" time="3.880"/>
  <system-out/>
</testsuite> <!-- Webb.Edit -->
